<?xml version="1.0" encoding="UTF-8"?>
<Site BuildName="Win32-ninja"
	BuildStamp="20250304-1407-Experimental"
	Name="Warrior"
	Generator="ctest-3.31.2"
	CompilerName="C:/mingw64/bin/c++.exe"
	CompilerVersion="11.2.0"
	OSName="Windows"
	Hostname="Warrior"
	OSRelease=" Professional"
	OSVersion=" (Build 22631)"
	OSPlatform="AMD64"
	Is64Bits="1"
	VendorString="GenuineIntel"
	VendorID="Intel Corporation"
	FamilyID="6"
	ModelID="14"
	ModelName=""
	ProcessorCacheSize="-1"
	NumberOfLogicalCPU="8"
	NumberOfPhysicalCPU="4"
	TotalVirtualMemory="25459"
	TotalPhysicalMemory="16243"
	LogicalProcessorsPerPhysical="2"
	ProcessorClockFrequency="3051"
	>
	<Testing>
		<StartDateTime>Mar 04 16:07 Egypt Standard Time</StartDateTime>
		<StartTestTime>1741097267</StartTestTime>
		<TestList/>
		<EndDateTime>Mar 04 16:07 Egypt Standard Time</EndDateTime>
		<EndTestTime>1741097267</EndTestTime>
		<ElapsedMinutes>0</ElapsedMinutes>
	</Testing>
</Site>
