<?xml version="1.0" encoding="UTF-8"?>
<Site BuildName="Win32-ninja"
	BuildStamp="20250203-1459-Experimental"
	Name="Warrior"
	Generator="ctest-3.31.2"
	CompilerName="C:/mingw64/bin/c++.exe"
	CompilerVersion="11.2.0"
	OSName="Windows"
	Hostname="Warrior"
	OSRelease=" Professional"
	OSVersion=" (Build 22631)"
	OSPlatform="AMD64"
	Is64Bits="1"
	VendorString="GenuineIntel"
	VendorID="Intel Corporation"
	FamilyID="6"
	ModelID="14"
	ModelName=""
	ProcessorCacheSize="-1"
	NumberOfLogicalCPU="8"
	NumberOfPhysicalCPU="4"
	TotalVirtualMemory="28019"
	TotalPhysicalMemory="16243"
	LogicalProcessorsPerPhysical="2"
	ProcessorClockFrequency="2304"
	>
	<Testing>
		<StartDateTime>Feb 03 16:59 Egypt Standard Time</StartDateTime>
		<StartTestTime>1738594763</StartTestTime>
		<TestList/>
		<EndDateTime>Feb 03 16:59 Egypt Standard Time</EndDateTime>
		<EndTestTime>1738594763</EndTestTime>
		<ElapsedMinutes>0</ElapsedMinutes>
	</Testing>
</Site>
