<?xml version="1.0" encoding="UTF-8"?>
<Site BuildName="Win32-ninja"
	BuildStamp="20250416-1105-Experimental"
	Name="Warrior"
	Generator="ctest-3.31.2"
	CompilerName="C:/mingw64/bin/c++.exe"
	CompilerVersion="11.2.0"
	OSName="Windows"
	Hostname="Warrior"
	OSRelease=" Professional"
	OSVersion=" (Build 22631)"
	OSPlatform="AMD64"
	Is64Bits="1"
	VendorString="GenuineIntel"
	VendorID="Intel Corporation"
	FamilyID="6"
	ModelID="14"
	ModelName=""
	ProcessorCacheSize="-1"
	NumberOfLogicalCPU="8"
	NumberOfPhysicalCPU="4"
	TotalVirtualMemory="25971"
	TotalPhysicalMemory="16243"
	LogicalProcessorsPerPhysical="2"
	ProcessorClockFrequency="2303"
	>
	<Testing>
		<StartDateTime>Apr 16 13:05 Egypt Standard Time</StartDateTime>
		<StartTestTime>1744801554</StartTestTime>
		<TestList/>
		<EndDateTime>Apr 16 13:05 Egypt Standard Time</EndDateTime>
		<EndTestTime>1744801554</EndTestTime>
		<ElapsedMinutes>0</ElapsedMinutes>
	</Testing>
</Site>
